2025-11-19 14:45:24,694 - INFO - Vine Monitor starting up.
2025-11-19 14:45:24,696 - INFO - Using browser: firefox
2025-11-19 14:45:24,696 - INFO - Loading priority terms from priority_terms.json
2025-11-19 14:45:24,702 - INFO - Loaded 10 priority terms.
2025-11-19 14:45:24,732 - INFO - Connecting to Amazon Vine...
2025-11-19 14:45:25,180 - INFO - Successfully logged in with a browser cookie.
2025-11-19 14:45:25,180 - INFO - Loading previous state from vine_monitor_state.json
2025-11-19 14:45:25,181 - INFO - Loaded previous state: 1 RFY, 180 Additional, 27 AFA items.
2025-11-19 14:45:25,182 - INFO - Checking Recommended for You...
2025-11-19 14:45:25,516 - INFO - Found 1 in-stock items in Recommended for You.
2025-11-19 14:45:25,517 - INFO - Checking Available for All...
2025-11-19 14:45:25,883 - INFO - Found 27 in-stock items in Available for All.
2025-11-19 14:45:25,883 - INFO - Checking Additional Items (Page 1)...
2025-11-19 14:45:26,328 - INFO - Found 36 in-stock items in Additional Items (Page 1).
2025-11-19 14:45:26,328 - INFO - Checking Additional Items (Page 2)...
2025-11-19 14:45:26,753 - INFO - Found 36 in-stock items in Additional Items (Page 2).
2025-11-19 14:45:26,753 - INFO - Checking Additional Items (Page 3)...
2025-11-19 14:45:27,179 - INFO - Found 36 in-stock items in Additional Items (Page 3).
2025-11-19 14:45:27,180 - INFO - Checking Additional Items (Page 4)...
2025-11-19 14:45:27,624 - INFO - Found 36 in-stock items in Additional Items (Page 4).
2025-11-19 14:45:27,624 - INFO - Checking Additional Items (Page 5)...
